<?xml version="1.0" encoding="UTF-8"?>
<!-- Generated by org.testng.reporters.JUnitXMLReporter -->
<testsuite ignored="0" hostname="LAPTOP-M9V0LIL4" failures="2" tests="6" name="BankingApp Test" time="120.275" errors="0" timestamp="10 Dec 2020 11:44:10 GMT">
  <testcase classname="com.inetbanking.TestCases.LoginTest_001" name="loginTest" time="32.277"/>
  <testcase classname="com.inetbanking.TestCases.TC_MultipleLogin_002" name="multiLogin" time="5.297">
    <failure type="java.lang.AssertionError" message="expected [true] but found [false]">
      <![CDATA[java.lang.AssertionError: expected [true] but found [false]
at com.inetbanking.TestCases.TC_MultipleLogin_002.multiLogin(TC_MultipleLogin_002.java:30)
... Removed 29 stack frames]]>
    </failure>
  </testcase> <!-- multiLogin -->
  <testcase classname="com.inetbanking.TestCases.TC_MultipleLogin_002" name="multiLogin" time="13.551"/>
  <testcase classname="com.inetbanking.TestCases.TC_MultipleLogin_002" name="multiLogin" time="5.992">
    <failure type="java.lang.AssertionError" message="expected [true] but found [false]">
      <![CDATA[java.lang.AssertionError: expected [true] but found [false]
at com.inetbanking.TestCases.TC_MultipleLogin_002.multiLogin(TC_MultipleLogin_002.java:30)
... Removed 29 stack frames]]>
    </failure>
  </testcase> <!-- multiLogin -->
  <testcase classname="com.inetbanking.TestCases.TC_MultipleLogin_002" name="multiLogin" time="12.275"/>
  <testcase classname="com.inetbanking.TestCases.TC_AddCustomerTest_003" name="AddNewCust" time="24.343"/>
</testsuite> <!-- BankingApp Test -->
