<?xml version="1.0" encoding="UTF-8"?>
<!-- Generated by org.testng.reporters.JUnitXMLReporter -->
<testsuite ignored="0" hostname="LAPTOP-M9V0LIL4" failures="0" tests="2" name="BankingApp Test" time="80.548" errors="0" timestamp="13 Dec 2020 11:54:26 GMT">
  <testcase classname="com.inetbanking.TestCases.LoginTest_001" name="loginTest" time="31.768"/>
  <testcase classname="com.inetbanking.TestCases.TC_AddCustomerTest_003" name="AddNewCust" time="24.569"/>
</testsuite> <!-- BankingApp Test -->
