<?xml version="1.0" encoding="UTF-8"?>
<testsuite xmlns:xsi="http://www.w3.org/2001/XMLSchema-instance" xsi:schemaLocation="https://maven.apache.org/surefire/maven-surefire-plugin/xsd/surefire-test-report.xsd" name="TestSuite" time="81.672" tests="2" errors="0" skipped="0" failures="0">
  <properties>
[...]
</properties>
  <testcase name="loginTest" classname="com.inetbanking.TestCases.LoginTest_001" time="31.776"/>
  <testcase name="AddNewCust" classname="com.inetbanking.TestCases.TC_AddCustomerTest_003" time="24.569"/>
</testsuite>