<?xml version="1.0" encoding="UTF-8"?>
<testng-results ignored="0" total="2" passed="2" failed="0" skipped="0">
  <reporter-output>
  </reporter-output>
  <suite started-at="2020-12-13T11:53:06Z" name="inetbanking_V1" finished-at="2020-12-13T11:54:26Z" duration-ms="80548">
    <groups>
    </groups>
    <test started-at="2020-12-13T11:53:06Z" name="BankingApp Test" finished-at="2020-12-13T11:54:26Z" duration-ms="80548">
      <class name="com.inetbanking.TestCases.LoginTest_001">
        <test-method is-config="true" signature="setup(java.lang.String)[pri:0, instance:com.inetbanking.TestCases.LoginTest_001@4f83df68]" started-at="2020-12-13T11:53:06Z" name="setup" finished-at="2020-12-13T11:53:18Z" duration-ms="12189" status="PASS">
          <params>
            <param index="0">
              <value>
                <![CDATA[chrome]]>
              </value>
            </param>
          </params>
          <reporter-output>
          </reporter-output>
        </test-method> <!-- setup -->
        <test-method signature="loginTest()[pri:0, instance:com.inetbanking.TestCases.LoginTest_001@4f83df68]" started-at="2020-12-13T11:53:18Z" name="loginTest" finished-at="2020-12-13T11:53:50Z" duration-ms="31768" status="PASS">
          <reporter-output>
          </reporter-output>
        </test-method> <!-- loginTest -->
        <test-method is-config="true" signature="teardown()[pri:0, instance:com.inetbanking.TestCases.LoginTest_001@4f83df68]" started-at="2020-12-13T11:53:50Z" name="teardown" finished-at="2020-12-13T11:53:51Z" duration-ms="667" status="PASS">
          <reporter-output>
          </reporter-output>
        </test-method> <!-- teardown -->
      </class> <!-- com.inetbanking.TestCases.LoginTest_001 -->
      <class name="com.inetbanking.TestCases.TC_AddCustomerTest_003">
        <test-method is-config="true" signature="setup(java.lang.String)[pri:0, instance:com.inetbanking.TestCases.TC_AddCustomerTest_003@6cf0e0ba]" started-at="2020-12-13T11:53:51Z" name="setup" finished-at="2020-12-13T11:54:01Z" duration-ms="10413" status="PASS">
          <params>
            <param index="0">
              <value>
                <![CDATA[chrome]]>
              </value>
            </param>
          </params>
          <reporter-output>
          </reporter-output>
        </test-method> <!-- setup -->
        <test-method signature="AddNewCust()[pri:0, instance:com.inetbanking.TestCases.TC_AddCustomerTest_003@6cf0e0ba]" started-at="2020-12-13T11:54:01Z" name="AddNewCust" finished-at="2020-12-13T11:54:26Z" duration-ms="24569" status="PASS">
          <reporter-output>
          </reporter-output>
        </test-method> <!-- AddNewCust -->
        <test-method is-config="true" signature="teardown()[pri:0, instance:com.inetbanking.TestCases.TC_AddCustomerTest_003@6cf0e0ba]" started-at="2020-12-13T11:54:26Z" name="teardown" finished-at="2020-12-13T11:54:26Z" duration-ms="682" status="PASS">
          <reporter-output>
          </reporter-output>
        </test-method> <!-- teardown -->
      </class> <!-- com.inetbanking.TestCases.TC_AddCustomerTest_003 -->
    </test> <!-- BankingApp Test -->
  </suite> <!-- inetbanking_V1 -->
</testng-results>
