<?xml version="1.0" encoding="UTF-8"?>
<!-- Generated by org.testng.reporters.JUnitXMLReporter -->
<testsuite ignored="0" hostname="LAPTOP-M9V0LIL4" failures="2" tests="2" name="BankingApp Test(failed)" time="22.717" errors="0" timestamp="10 Dec 2020 11:46:29 GMT">
  <testcase classname="com.inetbanking.TestCases.TC_MultipleLogin_002" name="multiLogin" time="5.779">
    <failure type="java.lang.AssertionError" message="expected [true] but found [false]">
      <![CDATA[java.lang.AssertionError: expected [true] but found [false]
at com.inetbanking.TestCases.TC_MultipleLogin_002.multiLogin(TC_MultipleLogin_002.java:30)
... Removed 29 stack frames]]>
    </failure>
  </testcase> <!-- multiLogin -->
  <testcase classname="com.inetbanking.TestCases.TC_MultipleLogin_002" name="multiLogin" time="5.801">
    <failure type="java.lang.AssertionError" message="expected [true] but found [false]">
      <![CDATA[java.lang.AssertionError: expected [true] but found [false]
at com.inetbanking.TestCases.TC_MultipleLogin_002.multiLogin(TC_MultipleLogin_002.java:30)
... Removed 29 stack frames]]>
    </failure>
  </testcase> <!-- multiLogin -->
</testsuite> <!-- BankingApp Test(failed) -->
